<?xml version="1.0" encoding="UTF-8"?>
<testng-results skipped="0" failed="0" ignored="0" total="1" passed="1">
  <reporter-output>
  </reporter-output>
  <suite name="Default suite" duration-ms="29621" started-at="2017-09-19T16:05:18Z" finished-at="2017-09-19T16:05:47Z">
    <groups>
    </groups>
    <test name="Default test" duration-ms="29621" started-at="2017-09-19T16:05:18Z" finished-at="2017-09-19T16:05:47Z">
      <class name="way2automation.w2atest.test.LoginTest">
        <test-method status="PASS" signature="tryLogin()[pri:0, instance:way2automation.w2atest.test.LoginTest@5442a311]" name="tryLogin" duration-ms="29318" started-at="2017-09-19T12:05:18Z" finished-at="2017-09-19T12:05:47Z">
          <reporter-output>
          </reporter-output>
        </test-method> <!-- tryLogin -->
        <test-method status="PASS" signature="tearDown()[pri:0, instance:way2automation.w2atest.test.LoginTest@5442a311]" name="tearDown" is-config="true" duration-ms="279" started-at="2017-09-19T12:05:47Z" finished-at="2017-09-19T12:05:47Z">
          <reporter-output>
          </reporter-output>
        </test-method> <!-- tearDown -->
      </class> <!-- way2automation.w2atest.test.LoginTest -->
    </test> <!-- Default test -->
  </suite> <!-- Default suite -->
</testng-results>
