<?xml version="1.0" encoding="UTF-8"?>
<!-- Generated by org.testng.reporters.JUnitXMLReporter -->
<testsuite hostname="Admins-iMac.fios-router.home" name="Test" tests="3" failures="0" timestamp="6 Sep 2017 17:55:22 GMT" time="29.775" errors="0">
  <testcase name="login" time="4.266" classname="way2automation.w2atest.test.LoginAsValidUser"/>
  <testcase name="f" time="8.508" classname="way2automation.w2atest.test.AlertsTest"/>
  <testcase name="registerUser" time="9.839" classname="way2automation.w2atest.test.RegisterAsUser"/>
</testsuite> <!-- Test -->
